TN:
SF:src/AuctionDeployer.sol
FN:32,AuctionDeployer.upgradeToV2
FNDA:2,AuctionDeployer.upgradeToV2
DA:33,2
BRDA:33,0,0,1
BRDA:33,0,1,1
DA:35,1
DA:38,1
FNF:1
FNH:1
LF:3
LH:3
BRF:2
BRH:2
end_of_record
TN:
SF:src/MockERC20.sol
FN:9,MockERC20.mint
FNDA:69,MockERC20.mint
DA:10,69
FNF:1
FNH:1
LF:1
LH:1
BRF:0
BRH:0
end_of_record
TN:
SF:src/MockERC721.sol
FN:11,MockERC721.mint
FNDA:40,MockERC721.mint
DA:12,40
DA:13,40
FNF:1
FNH:1
LF:2
LH:2
BRF:0
BRH:0
end_of_record
TN:
SF:src/TokenizedVickeryAuction.sol
FN:61,TokenizedVickeryAuction.initialize
FNDA:1,TokenizedVickeryAuction.initialize
FN:76,TokenizedVickeryAuction.createAuction
FNDA:31,TokenizedVickeryAuction.createAuction
DA:85,31
BRDA:85,0,0,1
BRDA:85,0,1,30
DA:91,30
BRDA:91,1,0,1
BRDA:91,1,1,29
DA:95,29
BRDA:95,2,0,1
BRDA:95,2,1,28
DA:96,28
BRDA:96,3,0,1
BRDA:96,3,1,27
DA:97,27
BRDA:97,4,0,1
BRDA:97,4,1,26
DA:99,26
DA:100,26
BRDA:100,5,0,1
BRDA:100,5,1,25
DA:104,25
DA:106,25
FN:129,TokenizedVickeryAuction.commitBid
FNDA:27,TokenizedVickeryAuction.commitBid
DA:135,27
DA:136,27
BRDA:136,6,0,1
BRDA:136,6,1,26
DA:137,26
BRDA:137,7,0,1
BRDA:137,7,1,25
DA:141,25
BRDA:141,8,0,1
BRDA:141,8,1,24
DA:145,24
BRDA:145,9,0,1
BRDA:145,9,1,23
DA:147,23
DA:152,23
DA:155,23
DA:156,23
FN:165,TokenizedVickeryAuction.revealBid
FNDA:24,TokenizedVickeryAuction.revealBid
DA:171,24
DA:172,24
DA:175,24
BRDA:175,10,0,1
BRDA:175,10,1,23
DA:176,23
BRDA:176,11,0,1
BRDA:176,11,1,22
DA:180,22
BRDA:180,12,0,1
BRDA:180,12,1,21
DA:184,21
BRDA:184,13,0,1
BRDA:184,13,1,20
DA:188,20
BRDA:188,14,0,1
BRDA:188,14,1,19
DA:203,19
BRDA:203,15,0,1
BRDA:203,15,1,18
DA:208,18
BRDA:208,16,0,9
BRDA:208,16,1,9
DA:209,9
DA:210,9
DA:211,9
DA:212,9
BRDA:212,17,0,7
BRDA:212,17,1,9
DA:213,7
FN:224,TokenizedVickeryAuction.endAuction
FNDA:11,TokenizedVickeryAuction.endAuction
DA:225,11
DA:226,11
BRDA:226,18,0,1
BRDA:226,18,1,10
DA:227,10
BRDA:227,19,0,1
BRDA:227,19,1,9
DA:232,9
DA:233,9
DA:234,9
DA:235,9
BRDA:235,20,0,-
BRDA:235,20,1,7
DA:236,7
DA:240,7
DA:243,7
DA:244,7
DA:245,7
DA:251,7
DA:258,2
DA:264,2
FN:274,TokenizedVickeryAuction.withdrawCollateral
FNDA:7,TokenizedVickeryAuction.withdrawCollateral
DA:279,7
DA:280,7
BRDA:280,21,0,1
BRDA:280,21,1,6
DA:281,6
BRDA:281,22,0,1
BRDA:281,22,1,5
DA:286,5
DA:287,5
BRDA:287,23,0,1
BRDA:287,23,1,4
DA:292,4
DA:293,4
BRDA:293,24,0,1
BRDA:293,24,1,3
DA:294,3
BRDA:294,25,0,1
BRDA:294,25,1,2
DA:295,2
DA:296,2
FN:302,TokenizedVickeryAuction.getAuction
FNDA:6,TokenizedVickeryAuction.getAuction
DA:306,6
DA:307,6
BRDA:307,26,0,1
BRDA:307,26,1,5
DA:308,5
DA:309,5
DA:310,5
FN:313,TokenizedVickeryAuction.getBid
FNDA:2,TokenizedVickeryAuction.getBid
DA:319,2
DA:320,2
FNF:8
FNH:8
LF:64
LH:64
BRF:54
BRH:53
end_of_record
TN:
SF:src/TokenizedVickeryAuctionV2.sol
FN:26,TokenizedVickeryAuctionV2.createAuction
FNDA:3,TokenizedVickeryAuctionV2.createAuction
DA:35,2
FN:50,TokenizedVickeryAuctionV2.blacklistSeller
FNDA:2,TokenizedVickeryAuctionV2.blacklistSeller
DA:53,2
DA:54,2
FN:61,TokenizedVickeryAuctionV2.removeSellerFromBlacklist
FNDA:1,TokenizedVickeryAuctionV2.removeSellerFromBlacklist
DA:64,1
DA:65,1
FNF:3
FNH:3
LF:5
LH:5
BRF:0
BRH:0
end_of_record
TN:
SF:src/VickreyAuction.sol
FN:61,VickreyAuction.createAuction
FNDA:26,VickreyAuction.createAuction
DA:68,26
BRDA:68,0,0,1
BRDA:68,0,1,25
DA:72,25
BRDA:72,1,0,1
BRDA:72,1,1,24
DA:76,24
BRDA:76,2,0,1
BRDA:76,2,1,23
DA:77,23
BRDA:77,3,0,1
BRDA:77,3,1,22
DA:78,22
BRDA:78,4,0,1
BRDA:78,4,1,21
DA:79,21
FN:99,VickreyAuction.commitBid
FNDA:24,VickreyAuction.commitBid
DA:100,24
DA:101,24
BRDA:101,5,0,1
BRDA:101,5,1,23
DA:102,23
BRDA:102,6,0,1
BRDA:102,6,1,22
DA:106,22
BRDA:106,7,0,1
BRDA:106,7,1,21
DA:110,21
BRDA:110,8,0,1
BRDA:110,8,1,20
DA:111,20
DA:112,20
DA:113,20
FN:120,VickreyAuction.revealBid
FNDA:19,VickreyAuction.revealBid
DA:125,19
DA:126,19
DA:127,19
BRDA:127,9,0,-
BRDA:127,9,1,19
DA:128,19
BRDA:128,10,0,1
BRDA:128,10,1,18
DA:132,18
BRDA:132,11,0,1
BRDA:132,11,1,17
DA:136,17
BRDA:136,12,0,1
BRDA:136,12,1,16
DA:140,16
BRDA:140,13,0,1
BRDA:140,13,1,15
DA:144,15
BRDA:144,14,0,1
BRDA:144,14,1,14
DA:148,14
BRDA:148,15,0,7
BRDA:148,15,1,7
DA:149,7
DA:150,7
DA:151,7
DA:152,7
BRDA:152,16,0,5
BRDA:152,16,1,7
DA:153,5
FN:163,VickreyAuction.endAuction
FNDA:9,VickreyAuction.endAuction
DA:164,9
DA:165,9
BRDA:165,17,0,1
BRDA:165,17,1,8
DA:166,8
BRDA:166,18,0,1
BRDA:166,18,1,7
DA:170,7
DA:171,7
BRDA:171,19,0,-
BRDA:171,19,1,6
DA:172,6
DA:173,6
DA:174,6
DA:175,6
DA:176,6
DA:177,6
DA:180,6
DA:182,1
FN:190,VickreyAuction.withdrawCollateral
FNDA:8,VickreyAuction.withdrawCollateral
DA:191,8
DA:192,8
BRDA:192,20,0,1
BRDA:192,20,1,7
DA:193,7
BRDA:193,21,0,1
BRDA:193,21,1,6
DA:197,6
DA:198,6
BRDA:198,22,0,1
BRDA:198,22,1,5
DA:202,5
DA:203,5
BRDA:203,23,0,1
BRDA:203,23,1,4
DA:204,4
BRDA:204,24,0,1
BRDA:204,24,1,3
DA:205,3
DA:206,3
FN:211,VickreyAuction.getAuction
FNDA:2,VickreyAuction.getAuction
DA:214,2
DA:215,2
BRDA:215,25,0,-
BRDA:215,25,1,2
DA:216,0
FN:219,VickreyAuction.getBid
FNDA:2,VickreyAuction.getBid
DA:224,2
FNF:7
FNH:7
LF:55
LH:54
BRF:52
BRH:49
end_of_record
