TN:
SF:src/MockERC20.sol
FN:9,MockERC20.mint
FNDA:65,MockERC20.mint
DA:10,65
FNF:1
FNH:1
LF:1
LH:1
BRF:0
BRH:0
end_of_record
TN:
SF:src/MockERC721.sol
FN:11,MockERC721.mint
FNDA:32,MockERC721.mint
DA:12,32
DA:13,32
FNF:1
FNH:1
LF:2
LH:2
BRF:0
BRH:0
end_of_record
TN:
SF:src/TokenizedVickeryAuction.sol
FN:72,TokenizedVickeryAuction.createAuction
FNDA:28,TokenizedVickeryAuction.createAuction
DA:81,28
BRDA:81,0,0,1
BRDA:81,0,1,27
DA:87,27
BRDA:87,1,0,1
BRDA:87,1,1,26
DA:91,26
BRDA:91,2,0,1
BRDA:91,2,1,25
DA:92,25
BRDA:92,3,0,1
BRDA:92,3,1,24
DA:93,24
BRDA:93,4,0,1
BRDA:93,4,1,23
DA:95,23
DA:96,23
BRDA:96,5,0,1
BRDA:96,5,1,22
DA:100,22
DA:102,22
FN:125,TokenizedVickeryAuction.commitBid
FNDA:25,TokenizedVickeryAuction.commitBid
DA:131,25
DA:132,25
BRDA:132,6,0,1
BRDA:132,6,1,24
DA:133,24
BRDA:133,7,0,1
BRDA:133,7,1,23
DA:137,23
BRDA:137,8,0,1
BRDA:137,8,1,22
DA:141,22
BRDA:141,9,0,1
BRDA:141,9,1,21
DA:143,21
DA:148,21
DA:151,21
DA:152,21
FN:161,TokenizedVickeryAuction.revealBid
FNDA:22,TokenizedVickeryAuction.revealBid
DA:167,22
DA:168,22
DA:171,22
BRDA:171,10,0,1
BRDA:171,10,1,21
DA:172,21
BRDA:172,11,0,1
BRDA:172,11,1,20
DA:176,20
BRDA:176,12,0,1
BRDA:176,12,1,19
DA:180,19
BRDA:180,13,0,1
BRDA:180,13,1,18
DA:184,18
BRDA:184,14,0,2
BRDA:184,14,1,16
DA:199,16
BRDA:199,15,0,-
BRDA:199,15,1,16
DA:204,16
BRDA:204,16,0,8
BRDA:204,16,1,8
DA:205,8
DA:206,8
DA:207,8
DA:208,8
BRDA:208,17,0,6
BRDA:208,17,1,8
DA:209,6
FN:220,TokenizedVickeryAuction.endAuction
FNDA:10,TokenizedVickeryAuction.endAuction
DA:221,10
DA:222,10
BRDA:222,18,0,1
BRDA:222,18,1,9
DA:223,9
BRDA:223,19,0,1
BRDA:223,19,1,8
DA:228,8
DA:229,8
DA:231,8
BRDA:231,20,0,-
BRDA:231,20,1,6
DA:232,6
BRDA:232,21,0,-
BRDA:232,21,1,6
DA:233,6
DA:238,6
DA:241,6
BRDA:241,22,0,-
BRDA:241,22,1,6
DA:242,6
DA:243,6
DA:245,6
DA:251,6
DA:258,2
DA:264,2
FN:275,TokenizedVickeryAuction.withdrawCollateral
FNDA:7,TokenizedVickeryAuction.withdrawCollateral
DA:280,7
DA:281,7
BRDA:281,23,0,1
BRDA:281,23,1,6
DA:282,6
BRDA:282,24,0,1
BRDA:282,24,1,5
DA:287,5
DA:288,5
BRDA:288,25,0,1
BRDA:288,25,1,4
DA:293,4
DA:294,4
BRDA:294,26,0,1
BRDA:294,26,1,3
DA:295,3
BRDA:295,27,0,1
BRDA:295,27,1,2
DA:296,2
DA:297,2
FN:303,TokenizedVickeryAuction.getAuction
FNDA:4,TokenizedVickeryAuction.getAuction
DA:307,4
DA:308,4
BRDA:308,28,0,1
BRDA:308,28,1,3
DA:309,0
FN:312,TokenizedVickeryAuction.getBid
FNDA:2,TokenizedVickeryAuction.getBid
DA:318,2
DA:319,2
FNF:7
FNH:7
LF:63
LH:62
BRF:58
BRH:54
end_of_record
TN:
SF:src/VickreyAuction.sol
FN:61,VickreyAuction.createAuction
FNDA:0,VickreyAuction.createAuction
DA:68,0
BRDA:68,0,0,-
BRDA:68,0,1,-
DA:72,0
BRDA:72,1,0,-
BRDA:72,1,1,-
DA:76,0
BRDA:76,2,0,-
BRDA:76,2,1,-
DA:77,0
BRDA:77,3,0,-
BRDA:77,3,1,-
DA:78,0
BRDA:78,4,0,-
BRDA:78,4,1,-
DA:79,0
FN:99,VickreyAuction.commitBid
FNDA:0,VickreyAuction.commitBid
DA:100,0
DA:101,0
BRDA:101,5,0,-
BRDA:101,5,1,-
DA:102,0
BRDA:102,6,0,-
BRDA:102,6,1,-
DA:106,0
BRDA:106,7,0,-
BRDA:106,7,1,-
DA:110,0
BRDA:110,8,0,-
BRDA:110,8,1,-
DA:111,0
DA:112,0
DA:113,0
FN:120,VickreyAuction.revealBid
FNDA:0,VickreyAuction.revealBid
DA:125,0
DA:126,0
DA:127,0
BRDA:127,9,0,-
BRDA:127,9,1,-
DA:128,0
BRDA:128,10,0,-
BRDA:128,10,1,-
DA:132,0
BRDA:132,11,0,-
BRDA:132,11,1,-
DA:136,0
BRDA:136,12,0,-
BRDA:136,12,1,-
DA:140,0
BRDA:140,13,0,-
BRDA:140,13,1,-
DA:144,0
BRDA:144,14,0,-
BRDA:144,14,1,-
DA:148,0
BRDA:148,15,0,-
BRDA:148,15,1,-
DA:149,0
DA:150,0
DA:151,0
DA:152,0
BRDA:152,16,0,-
BRDA:152,16,1,-
DA:153,0
FN:163,VickreyAuction.endAuction
FNDA:0,VickreyAuction.endAuction
DA:164,0
DA:165,0
BRDA:165,17,0,-
BRDA:165,17,1,-
DA:166,0
BRDA:166,18,0,-
BRDA:166,18,1,-
DA:170,0
DA:171,0
BRDA:171,19,0,-
BRDA:171,19,1,-
DA:172,0
DA:173,0
DA:174,0
DA:175,0
DA:176,0
DA:177,0
DA:180,0
DA:182,0
FN:190,VickreyAuction.withdrawCollateral
FNDA:0,VickreyAuction.withdrawCollateral
DA:191,0
DA:192,0
BRDA:192,20,0,-
BRDA:192,20,1,-
DA:193,0
BRDA:193,21,0,-
BRDA:193,21,1,-
DA:197,0
DA:198,0
BRDA:198,22,0,-
BRDA:198,22,1,-
DA:202,0
DA:203,0
BRDA:203,23,0,-
BRDA:203,23,1,-
DA:204,0
BRDA:204,24,0,-
BRDA:204,24,1,-
DA:205,0
DA:206,0
FN:211,VickreyAuction.getAuction
FNDA:0,VickreyAuction.getAuction
DA:214,0
DA:215,0
BRDA:215,25,0,-
BRDA:215,25,1,-
DA:216,0
FN:219,VickreyAuction.getBid
FNDA:0,VickreyAuction.getBid
DA:224,0
FNF:7
FNH:0
LF:55
LH:0
BRF:52
BRH:0
end_of_record
